<?xml version="1.0" encoding="UTF-8"?>
<testsuite xmlns:xsi="http://www.w3.org/2001/XMLSchema-instance" xsi:schemaLocation="https://maven.apache.org/surefire/maven-surefire-plugin/xsd/surefire-test-report.xsd" name="FunctionalContractsMWBE.MWBEActiveExpenseContractsDetailsTest" time="73.832" tests="1" errors="0" skipped="0" failures="1">
  <properties>
[...]
</properties>
  <testcase name="VerifyTop5MasterAgreementsTransactionCount" classname="FunctionalContractsMWBE.MWBEActiveExpenseContractsDetailsTest" time="64.567">
    <failure message="Active Expense Contracts master contracts widget Details page table count did not match expected:&lt;265&gt; but was:&lt;3788&gt;" type="java.lang.AssertionError"><![CDATA[java.lang.AssertionError: Active Expense Contracts master contracts widget Details page table count did not match expected:<265> but was:<3788>
	at FunctionalContractsMWBE.MWBEActiveExpenseContractsDetailsTest.VerifyTop5MasterAgreementsTransactionCount(MWBEActiveExpenseContractsDetailsTest.java:45)
]]></failure>
    <system-out><![CDATA[init
]]></system-out>
    <system-err><![CDATA[Starting ChromeDriver 2.36.540470 (e522d04694c7ebea4ba8821272dbef4f9b818c91) on port 48780
Only local connections are allowed.
log4j:WARN No appenders could be found for logger (org.apache.http.client.protocol.RequestAddCookies).
log4j:WARN Please initialize the log4j system properly.
May 16, 2018 4:29:23 PM org.openqa.selenium.remote.ProtocolHandshake createSession
INFO: Detected dialect: OSS
]]></system-err>
  </testcase>
</testsuite>