<?xml version="1.0" encoding="UTF-8"?>
<coverage generated="1523999105">
  <project timestamp="1523999105">
    <file name="/Users/alexandr.perfilov/projects/checkbook/Checkbook/source/webapp/sites/all/modules/custom/checkbook_project/customclasses/RequestUtil.php">
      <class name="RequestUtil" namespace="global">
        <metrics complexity="369" methods="45" coveredmethods="4" conditionals="0" coveredconditionals="0" statements="671" coveredstatements="20" elements="716" coveredelements="24"/>
      </class>
      <line num="59" type="method" name="isExpandBottomContainer" visibility="public" complexity="3" crap="12.00" count="0"/>
      <line num="61" type="stmt" count="0"/>
      <line num="63" type="stmt" count="0"/>
      <line num="64" type="stmt" count="0"/>
      <line num="65" type="stmt" count="0"/>
      <line num="69" type="stmt" count="0"/>
      <line num="73" type="method" name="isNewWindow" visibility="public" complexity="1" crap="2.00" count="0"/>
      <line num="75" type="stmt" count="0"/>
      <line num="77" type="stmt" count="0"/>
      <line num="84" type="method" name="isPendingExpenseContractPath" visibility="public" complexity="1" crap="1" count="1"/>
      <line num="86" type="stmt" count="1"/>
      <line num="93" type="method" name="isPendingRevenueContractPath" visibility="public" complexity="1" crap="2.00" count="0"/>
      <line num="95" type="stmt" count="0"/>
      <line num="102" type="method" name="isExpenseContractPath" visibility="public" complexity="1" crap="1" count="1"/>
      <line num="104" type="stmt" count="1"/>
      <line num="111" type="method" name="isRevenueContractPath" visibility="public" complexity="1" crap="1" count="1"/>
      <line num="113" type="stmt" count="1"/>
      <line num="117" type="method" name="getContractBreadcrumbTitle" visibility="public" complexity="75" crap="5700.00" count="0"/>
      <line num="119" type="stmt" count="0"/>
      <line num="120" type="stmt" count="0"/>
      <line num="121" type="stmt" count="0"/>
      <line num="122" type="stmt" count="0"/>
      <line num="123" type="stmt" count="0"/>
      <line num="124" type="stmt" count="0"/>
      <line num="126" type="stmt" count="0"/>
      <line num="127" type="stmt" count="0"/>
      <line num="128" type="stmt" count="0"/>
      <line num="129" type="stmt" count="0"/>
      <line num="130" type="stmt" count="0"/>
      <line num="131" type="stmt" count="0"/>
      <line num="132" type="stmt" count="0"/>
      <line num="133" type="stmt" count="0"/>
      <line num="134" type="stmt" count="0"/>
      <line num="135" type="stmt" count="0"/>
      <line num="136" type="stmt" count="0"/>
      <line num="137" type="stmt" count="0"/>
      <line num="138" type="stmt" count="0"/>
      <line num="140" type="stmt" count="0"/>
      <line num="141" type="stmt" count="0"/>
      <line num="142" type="stmt" count="0"/>
      <line num="143" type="stmt" count="0"/>
      <line num="144" type="stmt" count="0"/>
      <line num="146" type="stmt" count="0"/>
      <line num="147" type="stmt" count="0"/>
      <line num="149" type="stmt" count="0"/>
      <line num="150" type="stmt" count="0"/>
      <line num="152" type="stmt" count="0"/>
      <line num="153" type="stmt" count="0"/>
      <line num="155" type="stmt" count="0"/>
      <line num="156" type="stmt" count="0"/>
      <line num="159" type="stmt" count="0"/>
      <line num="160" type="stmt" count="0"/>
      <line num="161" type="stmt" count="0"/>
      <line num="162" type="stmt" count="0"/>
      <line num="164" type="stmt" count="0"/>
      <line num="167" type="stmt" count="0"/>
      <line num="169" type="stmt" count="0"/>
      <line num="170" type="stmt" count="0"/>
      <line num="171" type="stmt" count="0"/>
      <line num="172" type="stmt" count="0"/>
      <line num="174" type="stmt" count="0"/>
      <line num="177" type="stmt" count="0"/>
      <line num="180" type="stmt" count="0"/>
      <line num="181" type="stmt" count="0"/>
      <line num="182" type="stmt" count="0"/>
      <line num="184" type="stmt" count="0"/>
      <line num="185" type="stmt" count="0"/>
      <line num="187" type="stmt" count="0"/>
      <line num="188" type="stmt" count="0"/>
      <line num="189" type="stmt" count="0"/>
      <line num="190" type="stmt" count="0"/>
      <line num="191" type="stmt" count="0"/>
      <line num="192" type="stmt" count="0"/>
      <line num="193" type="stmt" count="0"/>
      <line num="194" type="stmt" count="0"/>
      <line num="196" type="stmt" count="0"/>
      <line num="197" type="stmt" count="0"/>
      <line num="198" type="stmt" count="0"/>
      <line num="200" type="stmt" count="0"/>
      <line num="203" type="stmt" count="0"/>
      <line num="204" type="stmt" count="0"/>
      <line num="205" type="stmt" count="0"/>
      <line num="207" type="stmt" count="0"/>
      <line num="209" type="stmt" count="0"/>
      <line num="210" type="stmt" count="0"/>
      <line num="211" type="stmt" count="0"/>
      <line num="213" type="stmt" count="0"/>
      <line num="214" type="stmt" count="0"/>
      <line num="215" type="stmt" count="0"/>
      <line num="216" type="stmt" count="0"/>
      <line num="217" type="stmt" count="0"/>
      <line num="218" type="stmt" count="0"/>
      <line num="219" type="stmt" count="0"/>
      <line num="220" type="stmt" count="0"/>
      <line num="222" type="stmt" count="0"/>
      <line num="223" type="stmt" count="0"/>
      <line num="225" type="stmt" count="0"/>
      <line num="233" type="method" name="getRequestKeyValueFromURL" visibility="public" complexity="2" crap="6.00" count="0"/>
      <line num="235" type="stmt" count="0"/>
      <line num="236" type="stmt" count="0"/>
      <line num="237" type="stmt" count="0"/>
      <line num="238" type="stmt" count="0"/>
      <line num="239" type="stmt" count="0"/>
      <line num="241" type="stmt" count="0"/>
      <line num="248" type="method" name="getDashboardTitle" visibility="public" complexity="6" crap="42.00" count="0"/>
      <line num="250" type="stmt" count="0"/>
      <line num="251" type="stmt" count="0"/>
      <line num="253" type="stmt" count="0"/>
      <line num="254" type="stmt" count="0"/>
      <line num="255" type="stmt" count="0"/>
      <line num="256" type="stmt" count="0"/>
      <line num="257" type="stmt" count="0"/>
      <line num="258" type="stmt" count="0"/>
      <line num="259" type="stmt" count="0"/>
      <line num="260" type="stmt" count="0"/>
      <line num="261" type="stmt" count="0"/>
      <line num="263" type="stmt" count="0"/>
      <line num="267" type="method" name="getPayrollBreadcrumbTitle" visibility="public" complexity="30" crap="930.00" count="0"/>
      <line num="269" type="stmt" count="0"/>
      <line num="270" type="stmt" count="0"/>
      <line num="271" type="stmt" count="0"/>
      <line num="272" type="stmt" count="0"/>
      <line num="273" type="stmt" count="0"/>
      <line num="274" type="stmt" count="0"/>
      <line num="275" type="stmt" count="0"/>
      <line num="276" type="stmt" count="0"/>
      <line num="277" type="stmt" count="0"/>
      <line num="279" type="stmt" count="0"/>
      <line num="281" type="stmt" count="0"/>
      <line num="282" type="stmt" count="0"/>
      <line num="283" type="stmt" count="0"/>
      <line num="284" type="stmt" count="0"/>
      <line num="285" type="stmt" count="0"/>
      <line num="286" type="stmt" count="0"/>
      <line num="287" type="stmt" count="0"/>
      <line num="288" type="stmt" count="0"/>
      <line num="289" type="stmt" count="0"/>
      <line num="291" type="stmt" count="0"/>
      <line num="292" type="stmt" count="0"/>
      <line num="294" type="stmt" count="0"/>
      <line num="295" type="stmt" count="0"/>
      <line num="296" type="stmt" count="0"/>
      <line num="297" type="stmt" count="0"/>
      <line num="299" type="stmt" count="0"/>
      <line num="300" type="stmt" count="0"/>
      <line num="301" type="stmt" count="0"/>
      <line num="302" type="stmt" count="0"/>
      <line num="304" type="stmt" count="0"/>
      <line num="306" type="stmt" count="0"/>
      <line num="307" type="stmt" count="0"/>
      <line num="308" type="stmt" count="0"/>
      <line num="309" type="stmt" count="0"/>
      <line num="310" type="stmt" count="0"/>
      <line num="312" type="stmt" count="0"/>
      <line num="314" type="stmt" count="0"/>
      <line num="315" type="stmt" count="0"/>
      <line num="316" type="stmt" count="0"/>
      <line num="317" type="stmt" count="0"/>
      <line num="318" type="stmt" count="0"/>
      <line num="319" type="stmt" count="0"/>
      <line num="320" type="stmt" count="0"/>
      <line num="321" type="stmt" count="0"/>
      <line num="322" type="stmt" count="0"/>
      <line num="323" type="stmt" count="0"/>
      <line num="324" type="stmt" count="0"/>
      <line num="326" type="stmt" count="0"/>
      <line num="327" type="stmt" count="0"/>
      <line num="329" type="stmt" count="0"/>
      <line num="336" type="method" name="getSpendingTransactionTitle" visibility="public" complexity="3" crap="12.00" count="0"/>
      <line num="338" type="stmt" count="0"/>
      <line num="339" type="stmt" count="0"/>
      <line num="340" type="stmt" count="0"/>
      <line num="341" type="stmt" count="0"/>
      <line num="342" type="stmt" count="0"/>
      <line num="346" type="stmt" count="0"/>
      <line num="364" type="method" name="getTitleByVendorType" visibility="public" complexity="7" crap="56.00" count="0"/>
      <line num="366" type="stmt" count="0"/>
      <line num="367" type="stmt" count="0"/>
      <line num="369" type="stmt" count="0"/>
      <line num="370" type="stmt" count="0"/>
      <line num="371" type="stmt" count="0"/>
      <line num="372" type="stmt" count="0"/>
      <line num="373" type="stmt" count="0"/>
      <line num="374" type="stmt" count="0"/>
      <line num="375" type="stmt" count="0"/>
      <line num="376" type="stmt" count="0"/>
      <line num="377" type="stmt" count="0"/>
      <line num="378" type="stmt" count="0"/>
      <line num="379" type="stmt" count="0"/>
      <line num="380" type="stmt" count="0"/>
      <line num="384" type="stmt" count="0"/>
      <line num="385" type="stmt" count="0"/>
      <line num="386" type="stmt" count="0"/>
      <line num="387" type="stmt" count="0"/>
      <line num="388" type="stmt" count="0"/>
      <line num="389" type="stmt" count="0"/>
      <line num="390" type="stmt" count="0"/>
      <line num="392" type="stmt" count="0"/>
      <line num="403" type="method" name="getLatestMinorityTypeByVendorType" visibility="public" complexity="6" crap="42.00" count="0"/>
      <line num="405" type="stmt" count="0"/>
      <line num="406" type="stmt" count="0"/>
      <line num="408" type="stmt" count="0"/>
      <line num="409" type="stmt" count="0"/>
      <line num="410" type="stmt" count="0"/>
      <line num="412" type="stmt" count="0"/>
      <line num="414" type="stmt" count="0"/>
      <line num="415" type="stmt" count="0"/>
      <line num="416" type="stmt" count="0"/>
      <line num="417" type="stmt" count="0"/>
      <line num="418" type="stmt" count="0"/>
      <line num="419" type="stmt" count="0"/>
      <line num="421" type="stmt" count="0"/>
      <line num="422" type="stmt" count="0"/>
      <line num="423" type="stmt" count="0"/>
      <line num="425" type="stmt" count="0"/>
      <line num="432" type="method" name="getSpendingCategoryName" visibility="public" complexity="3" crap="12.00" count="0"/>
      <line num="434" type="stmt" count="0"/>
      <line num="435" type="stmt" count="0"/>
      <line num="436" type="stmt" count="0"/>
      <line num="437" type="stmt" count="0"/>
      <line num="438" type="stmt" count="0"/>
      <line num="442" type="stmt" count="0"/>
      <line num="446" type="method" name="getSpendingBreadcrumbTitle" visibility="public" complexity="22" crap="506.00" count="0"/>
      <line num="448" type="stmt" count="0"/>
      <line num="449" type="stmt" count="0"/>
      <line num="450" type="stmt" count="0"/>
      <line num="451" type="stmt" count="0"/>
      <line num="452" type="stmt" count="0"/>
      <line num="453" type="stmt" count="0"/>
      <line num="454" type="stmt" count="0"/>
      <line num="455" type="stmt" count="0"/>
      <line num="456" type="stmt" count="0"/>
      <line num="457" type="stmt" count="0"/>
      <line num="458" type="stmt" count="0"/>
      <line num="460" type="stmt" count="0"/>
      <line num="461" type="stmt" count="0"/>
      <line num="462" type="stmt" count="0"/>
      <line num="463" type="stmt" count="0"/>
      <line num="464" type="stmt" count="0"/>
      <line num="465" type="stmt" count="0"/>
      <line num="466" type="stmt" count="0"/>
      <line num="467" type="stmt" count="0"/>
      <line num="468" type="stmt" count="0"/>
      <line num="469" type="stmt" count="0"/>
      <line num="470" type="stmt" count="0"/>
      <line num="471" type="stmt" count="0"/>
      <line num="472" type="stmt" count="0"/>
      <line num="474" type="stmt" count="0"/>
      <line num="475" type="stmt" count="0"/>
      <line num="476" type="stmt" count="0"/>
      <line num="477" type="stmt" count="0"/>
      <line num="478" type="stmt" count="0"/>
      <line num="479" type="stmt" count="0"/>
      <line num="480" type="stmt" count="0"/>
      <line num="481" type="stmt" count="0"/>
      <line num="482" type="stmt" count="0"/>
      <line num="483" type="stmt" count="0"/>
      <line num="485" type="stmt" count="0"/>
      <line num="488" type="stmt" count="0"/>
      <line num="489" type="stmt" count="0"/>
      <line num="490" type="stmt" count="0"/>
      <line num="491" type="stmt" count="0"/>
      <line num="492" type="stmt" count="0"/>
      <line num="493" type="stmt" count="0"/>
      <line num="494" type="stmt" count="0"/>
      <line num="495" type="stmt" count="0"/>
      <line num="496" type="stmt" count="0"/>
      <line num="497" type="stmt" count="0"/>
      <line num="499" type="stmt" count="0"/>
      <line num="502" type="stmt" count="0"/>
      <line num="510" type="method" name="preparePayrollBottomNavFilter" visibility="public" complexity="4" crap="20.00" count="0"/>
      <line num="512" type="stmt" count="0"/>
      <line num="513" type="stmt" count="0"/>
      <line num="514" type="stmt" count="0"/>
      <line num="515" type="stmt" count="0"/>
      <line num="517" type="stmt" count="0"/>
      <line num="518" type="stmt" count="0"/>
      <line num="519" type="stmt" count="0"/>
      <line num="520" type="stmt" count="0"/>
      <line num="521" type="stmt" count="0"/>
      <line num="523" type="stmt" count="0"/>
      <line num="525" type="stmt" count="0"/>
      <line num="530" type="method" name="getBudgetBreadcrumbTitle" visibility="public" complexity="12" crap="22.05" count="1"/>
      <line num="532" type="stmt" count="1"/>
      <line num="533" type="stmt" count="1"/>
      <line num="535" type="stmt" count="1"/>
      <line num="536" type="stmt" count="1"/>
      <line num="537" type="stmt" count="1"/>
      <line num="538" type="stmt" count="1"/>
      <line num="540" type="stmt" count="0"/>
      <line num="541" type="stmt" count="0"/>
      <line num="542" type="stmt" count="0"/>
      <line num="543" type="stmt" count="0"/>
      <line num="544" type="stmt" count="0"/>
      <line num="545" type="stmt" count="0"/>
      <line num="547" type="stmt" count="0"/>
      <line num="549" type="stmt" count="1"/>
      <line num="550" type="stmt" count="1"/>
      <line num="552" type="stmt" count="1"/>
      <line num="555" type="stmt" count="1"/>
      <line num="559" type="method" name="getRevenueBreadcrumbTitle" visibility="public" complexity="13" crap="182.00" count="0"/>
      <line num="561" type="stmt" count="0"/>
      <line num="562" type="stmt" count="0"/>
      <line num="564" type="stmt" count="0"/>
      <line num="565" type="stmt" count="0"/>
      <line num="566" type="stmt" count="0"/>
      <line num="567" type="stmt" count="0"/>
      <line num="568" type="stmt" count="0"/>
      <line num="570" type="stmt" count="0"/>
      <line num="571" type="stmt" count="0"/>
      <line num="572" type="stmt" count="0"/>
      <line num="573" type="stmt" count="0"/>
      <line num="574" type="stmt" count="0"/>
      <line num="575" type="stmt" count="0"/>
      <line num="577" type="stmt" count="0"/>
      <line num="579" type="stmt" count="0"/>
      <line num="580" type="stmt" count="0"/>
      <line num="582" type="stmt" count="0"/>
      <line num="585" type="stmt" count="0"/>
      <line num="591" type="method" name="getRevenueNoRecordsMsg" visibility="public" complexity="16" crap="272.00" count="0"/>
      <line num="593" type="stmt" count="0"/>
      <line num="594" type="stmt" count="0"/>
      <line num="595" type="stmt" count="0"/>
      <line num="597" type="stmt" count="0"/>
      <line num="598" type="stmt" count="0"/>
      <line num="599" type="stmt" count="0"/>
      <line num="600" type="stmt" count="0"/>
      <line num="601" type="stmt" count="0"/>
      <line num="603" type="stmt" count="0"/>
      <line num="604" type="stmt" count="0"/>
      <line num="605" type="stmt" count="0"/>
      <line num="606" type="stmt" count="0"/>
      <line num="607" type="stmt" count="0"/>
      <line num="609" type="stmt" count="0"/>
      <line num="610" type="stmt" count="0"/>
      <line num="611" type="stmt" count="0"/>
      <line num="612" type="stmt" count="0"/>
      <line num="613" type="stmt" count="0"/>
      <line num="614" type="stmt" count="0"/>
      <line num="615" type="stmt" count="0"/>
      <line num="616" type="stmt" count="0"/>
      <line num="618" type="stmt" count="0"/>
      <line num="622" type="stmt" count="0"/>
      <line num="624" type="stmt" count="0"/>
      <line num="631" type="method" name="getTopNavURL" visibility="public" complexity="39" crap="1560.00" count="0"/>
      <line num="633" type="stmt" count="0"/>
      <line num="634" type="stmt" count="0"/>
      <line num="635" type="stmt" count="0"/>
      <line num="636" type="stmt" count="0"/>
      <line num="638" type="stmt" count="0"/>
      <line num="639" type="stmt" count="0"/>
      <line num="640" type="stmt" count="0"/>
      <line num="641" type="stmt" count="0"/>
      <line num="642" type="stmt" count="0"/>
      <line num="643" type="stmt" count="0"/>
      <line num="644" type="stmt" count="0"/>
      <line num="645" type="stmt" count="0"/>
      <line num="646" type="stmt" count="0"/>
      <line num="647" type="stmt" count="0"/>
      <line num="648" type="stmt" count="0"/>
      <line num="649" type="stmt" count="0"/>
      <line num="650" type="stmt" count="0"/>
      <line num="651" type="stmt" count="0"/>
      <line num="652" type="stmt" count="0"/>
      <line num="653" type="stmt" count="0"/>
      <line num="654" type="stmt" count="0"/>
      <line num="656" type="stmt" count="0"/>
      <line num="659" type="stmt" count="0"/>
      <line num="660" type="stmt" count="0"/>
      <line num="661" type="stmt" count="0"/>
      <line num="662" type="stmt" count="0"/>
      <line num="663" type="stmt" count="0"/>
      <line num="665" type="stmt" count="0"/>
      <line num="666" type="stmt" count="0"/>
      <line num="668" type="stmt" count="0"/>
      <line num="669" type="stmt" count="0"/>
      <line num="670" type="stmt" count="0"/>
      <line num="671" type="stmt" count="0"/>
      <line num="672" type="stmt" count="0"/>
      <line num="673" type="stmt" count="0"/>
      <line num="674" type="stmt" count="0"/>
      <line num="676" type="stmt" count="0"/>
      <line num="677" type="stmt" count="0"/>
      <line num="679" type="stmt" count="0"/>
      <line num="680" type="stmt" count="0"/>
      <line num="681" type="stmt" count="0"/>
      <line num="683" type="stmt" count="0"/>
      <line num="684" type="stmt" count="0"/>
      <line num="686" type="stmt" count="0"/>
      <line num="689" type="stmt" count="0"/>
      <line num="690" type="stmt" count="0"/>
      <line num="691" type="stmt" count="0"/>
      <line num="692" type="stmt" count="0"/>
      <line num="693" type="stmt" count="0"/>
      <line num="694" type="stmt" count="0"/>
      <line num="695" type="stmt" count="0"/>
      <line num="696" type="stmt" count="0"/>
      <line num="698" type="stmt" count="0"/>
      <line num="699" type="stmt" count="0"/>
      <line num="700" type="stmt" count="0"/>
      <line num="701" type="stmt" count="0"/>
      <line num="702" type="stmt" count="0"/>
      <line num="703" type="stmt" count="0"/>
      <line num="704" type="stmt" count="0"/>
      <line num="705" type="stmt" count="0"/>
      <line num="706" type="stmt" count="0"/>
      <line num="707" type="stmt" count="0"/>
      <line num="708" type="stmt" count="0"/>
      <line num="710" type="stmt" count="0"/>
      <line num="713" type="stmt" count="0"/>
      <line num="714" type="stmt" count="0"/>
      <line num="715" type="stmt" count="0"/>
      <line num="716" type="stmt" count="0"/>
      <line num="718" type="stmt" count="0"/>
      <line num="720" type="stmt" count="0"/>
      <line num="721" type="stmt" count="0"/>
      <line num="722" type="stmt" count="0"/>
      <line num="723" type="stmt" count="0"/>
      <line num="725" type="stmt" count="0"/>
      <line num="727" type="stmt" count="0"/>
      <line num="730" type="stmt" count="0"/>
      <line num="731" type="stmt" count="0"/>
      <line num="732" type="stmt" count="0"/>
      <line num="733" type="stmt" count="0"/>
      <line num="735" type="stmt" count="0"/>
      <line num="736" type="stmt" count="0"/>
      <line num="737" type="stmt" count="0"/>
      <line num="739" type="stmt" count="0"/>
      <line num="740" type="stmt" count="0"/>
      <line num="742" type="stmt" count="0"/>
      <line num="743" type="stmt" count="0"/>
      <line num="747" type="stmt" count="0"/>
      <line num="753" type="method" name="getFiscalYearIdForTopNavigation" visibility="public" complexity="5" crap="30.00" count="0"/>
      <line num="755" type="stmt" count="0"/>
      <line num="756" type="stmt" count="0"/>
      <line num="757" type="stmt" count="0"/>
      <line num="758" type="stmt" count="0"/>
      <line num="760" type="stmt" count="0"/>
      <line num="763" type="stmt" count="0"/>
      <line num="764" type="stmt" count="0"/>
      <line num="770" type="method" name="getCalYearIdForTopNavigation" visibility="public" complexity="5" crap="30.00" count="0"/>
      <line num="772" type="stmt" count="0"/>
      <line num="773" type="stmt" count="0"/>
      <line num="774" type="stmt" count="0"/>
      <line num="775" type="stmt" count="0"/>
      <line num="776" type="stmt" count="0"/>
      <line num="778" type="stmt" count="0"/>
      <line num="779" type="stmt" count="0"/>
      <line num="780" type="stmt" count="0"/>
      <line num="782" type="stmt" count="0"/>
      <line num="786" type="method" name="isNYCLevelPage" visibility="public" complexity="4" crap="20.00" count="0"/>
      <line num="788" type="stmt" count="0"/>
      <line num="789" type="stmt" count="0"/>
      <line num="793" type="stmt" count="0"/>
      <line num="794" type="stmt" count="0"/>
      <line num="795" type="stmt" count="0"/>
      <line num="796" type="stmt" count="0"/>
      <line num="797" type="stmt" count="0"/>
      <line num="798" type="stmt" count="0"/>
      <line num="800" type="stmt" count="0"/>
      <line num="804" type="stmt" count="0"/>
      <line num="810" type="method" name="isEDCPage" visibility="public" complexity="3" crap="12.00" count="0"/>
      <line num="812" type="stmt" count="0"/>
      <line num="813" type="stmt" count="0"/>
      <line num="814" type="stmt" count="0"/>
      <line num="816" type="stmt" count="0"/>
      <line num="817" type="stmt" count="0"/>
      <line num="819" type="stmt" count="0"/>
      <line num="823" type="stmt" count="0"/>
      <line num="829" type="method" name="getEDCURL" visibility="public" complexity="1" crap="2.00" count="0"/>
      <line num="831" type="stmt" count="0"/>
      <line num="832" type="stmt" count="0"/>
      <line num="833" type="stmt" count="0"/>
      <line num="839" type="method" name="getSpendingEDCURL" visibility="public" complexity="1" crap="2.00" count="0"/>
      <line num="841" type="stmt" count="0"/>
      <line num="842" type="stmt" count="0"/>
      <line num="843" type="stmt" count="0"/>
      <line num="850" type="method" name="getNextMWBEDashboardState" visibility="public" complexity="2" crap="6.00" count="0"/>
      <line num="852" type="stmt" count="0"/>
      <line num="853" type="stmt" count="0"/>
      <line num="855" type="stmt" count="0"/>
      <line num="863" type="method" name="getNextMWBEDashboardStateParam" visibility="public" complexity="9" crap="90.00" count="0"/>
      <line num="865" type="stmt" count="0"/>
      <line num="867" type="stmt" count="0"/>
      <line num="868" type="stmt" count="0"/>
      <line num="869" type="stmt" count="0"/>
      <line num="871" type="stmt" count="0"/>
      <line num="873" type="stmt" count="0"/>
      <line num="874" type="stmt" count="0"/>
      <line num="875" type="stmt" count="0"/>
      <line num="879" type="stmt" count="0"/>
      <line num="880" type="stmt" count="0"/>
      <line num="881" type="stmt" count="0"/>
      <line num="882" type="stmt" count="0"/>
      <line num="884" type="stmt" count="0"/>
      <line num="885" type="stmt" count="0"/>
      <line num="886" type="stmt" count="0"/>
      <line num="890" type="stmt" count="0"/>
      <line num="906" type="method" name="getNextSubvendorDashboardState" visibility="public" complexity="2" crap="6.00" count="0"/>
      <line num="908" type="stmt" count="0"/>
      <line num="910" type="stmt" count="0"/>
      <line num="925" type="method" name="getNextSubvendorDashboardStateParam" visibility="public" complexity="6" crap="42.00" count="0"/>
      <line num="927" type="stmt" count="0"/>
      <line num="929" type="stmt" count="0"/>
      <line num="930" type="stmt" count="0"/>
      <line num="931" type="stmt" count="0"/>
      <line num="932" type="stmt" count="0"/>
      <line num="934" type="stmt" count="0"/>
      <line num="935" type="stmt" count="0"/>
      <line num="936" type="stmt" count="0"/>
      <line num="939" type="stmt" count="0"/>
      <line num="954" type="method" name="isDashboardSubvendor" visibility="public" complexity="4" crap="20.00" count="0"/>
      <line num="956" type="stmt" count="0"/>
      <line num="958" type="stmt" count="0"/>
      <line num="959" type="stmt" count="0"/>
      <line num="960" type="stmt" count="0"/>
      <line num="961" type="stmt" count="0"/>
      <line num="965" type="stmt" count="0"/>
      <line num="972" type="method" name="getDashboardTopNavURL" visibility="public" complexity="14" crap="210.00" count="0"/>
      <line num="975" type="stmt" count="0"/>
      <line num="976" type="stmt" count="0"/>
      <line num="979" type="stmt" count="0"/>
      <line num="980" type="stmt" count="0"/>
      <line num="983" type="stmt" count="0"/>
      <line num="984" type="stmt" count="0"/>
      <line num="988" type="stmt" count="0"/>
      <line num="991" type="stmt" count="0"/>
      <line num="992" type="stmt" count="0"/>
      <line num="993" type="stmt" count="0"/>
      <line num="994" type="stmt" count="0"/>
      <line num="996" type="stmt" count="0"/>
      <line num="997" type="stmt" count="0"/>
      <line num="998" type="stmt" count="0"/>
      <line num="999" type="stmt" count="0"/>
      <line num="1001" type="stmt" count="0"/>
      <line num="1004" type="stmt" count="0"/>
      <line num="1005" type="stmt" count="0"/>
      <line num="1007" type="stmt" count="0"/>
      <line num="1008" type="stmt" count="0"/>
      <line num="1011" type="stmt" count="0"/>
      <line num="1012" type="stmt" count="0"/>
      <line num="1015" type="stmt" count="0"/>
      <line num="1016" type="stmt" count="0"/>
      <line num="1022" type="stmt" count="0"/>
      <line num="1023" type="stmt" count="0"/>
      <line num="1024" type="stmt" count="0"/>
      <line num="1026" type="stmt" count="0"/>
      <line num="1030" type="stmt" count="0"/>
      <line num="1036" type="method" name="isContractsSpendingLandingPage" visibility="public" complexity="2" crap="6.00" count="0"/>
      <line num="1038" type="stmt" count="0"/>
      <line num="1039" type="stmt" count="0"/>
      <line num="1040" type="stmt" count="0"/>
      <line num="1042" type="stmt" count="0"/>
      <line num="1048" type="method" name="getCurrentDomainURLFromParams" visibility="public" complexity="8" crap="72.00" count="0"/>
      <line num="1050" type="stmt" count="0"/>
      <line num="1052" type="stmt" count="0"/>
      <line num="1053" type="stmt" count="0"/>
      <line num="1055" type="stmt" count="0"/>
      <line num="1056" type="stmt" count="0"/>
      <line num="1059" type="stmt" count="0"/>
      <line num="1060" type="stmt" count="0"/>
      <line num="1061" type="stmt" count="0"/>
      <line num="1062" type="stmt" count="0"/>
      <line num="1064" type="stmt" count="0"/>
      <line num="1065" type="stmt" count="0"/>
      <line num="1068" type="stmt" count="0"/>
      <line num="1069" type="stmt" count="0"/>
      <line num="1071" type="stmt" count="0"/>
      <line num="1074" type="stmt" count="0"/>
      <line num="1081" type="method" name="getDashboardTopNavTitle" visibility="public" complexity="6" crap="42.00" count="0"/>
      <line num="1083" type="stmt" count="0"/>
      <line num="1084" type="stmt" count="0"/>
      <line num="1085" type="stmt" count="0"/>
      <line num="1086" type="stmt" count="0"/>
      <line num="1088" type="stmt" count="0"/>
      <line num="1089" type="stmt" count="0"/>
      <line num="1091" type="stmt" count="0"/>
      <line num="1092" type="stmt" count="0"/>
      <line num="1094" type="stmt" count="0"/>
      <line num="1096" type="stmt" count="0"/>
      <line num="1103" type="method" name="isDashboardFlowSubvendor" visibility="public" complexity="3" crap="12.00" count="0"/>
      <line num="1106" type="stmt" count="0"/>
      <line num="1107" type="stmt" count="0"/>
      <line num="1110" type="stmt" count="0"/>
      <line num="1112" type="stmt" count="0"/>
      <line num="1119" type="method" name="isDashboardFlowPrimevendor" visibility="public" complexity="2" crap="6.00" count="0"/>
      <line num="1121" type="stmt" count="0"/>
      <line num="1123" type="stmt" count="0"/>
      <line num="1132" type="method" name="replaceParamFromString" visibility="public" complexity="1" crap="2.00" count="0"/>
      <line num="1134" type="stmt" count="0"/>
      <line num="1140" type="method" name="getTotalSubvendorsLink" visibility="public" complexity="5" crap="30.00" count="0"/>
      <line num="1142" type="stmt" count="0"/>
      <line num="1143" type="stmt" count="0"/>
      <line num="1144" type="stmt" count="0"/>
      <line num="1146" type="stmt" count="0"/>
      <line num="1149" type="stmt" count="0"/>
      <line num="1150" type="stmt" count="0"/>
      <line num="1151" type="stmt" count="0"/>
      <line num="1152" type="stmt" count="0"/>
      <line num="1153" type="stmt" count="0"/>
      <line num="1154" type="stmt" count="0"/>
      <line num="1155" type="stmt" count="0"/>
      <line num="1156" type="stmt" count="0"/>
      <line num="1157" type="stmt" count="0"/>
      <line num="1158" type="stmt" count="0"/>
      <line num="1159" type="stmt" count="0"/>
      <line num="1160" type="stmt" count="0"/>
      <line num="1162" type="stmt" count="0"/>
      <line num="1163" type="stmt" count="0"/>
      <line num="1164" type="stmt" count="0"/>
      <line num="1165" type="stmt" count="0"/>
      <line num="1167" type="stmt" count="0"/>
      <line num="1176" type="method" name="getLandingPageUrl" visibility="public" complexity="8" crap="72.00" count="0"/>
      <line num="1178" type="stmt" count="0"/>
      <line num="1179" type="stmt" count="0"/>
      <line num="1180" type="stmt" count="0"/>
      <line num="1182" type="stmt" count="0"/>
      <line num="1183" type="stmt" count="0"/>
      <line num="1184" type="stmt" count="0"/>
      <line num="1185" type="stmt" count="0"/>
      <line num="1186" type="stmt" count="0"/>
      <line num="1187" type="stmt" count="0"/>
      <line num="1188" type="stmt" count="0"/>
      <line num="1189" type="stmt" count="0"/>
      <line num="1190" type="stmt" count="0"/>
      <line num="1191" type="stmt" count="0"/>
      <line num="1192" type="stmt" count="0"/>
      <line num="1193" type="stmt" count="0"/>
      <line num="1194" type="stmt" count="0"/>
      <line num="1195" type="stmt" count="0"/>
      <line num="1196" type="stmt" count="0"/>
      <line num="1197" type="stmt" count="0"/>
      <line num="1200" type="stmt" count="0"/>
      <line num="1209" type="method" name="get_top_nav_records_count" visibility="public" complexity="6" crap="42.00" count="0"/>
      <line num="1211" type="stmt" count="0"/>
      <line num="1212" type="stmt" count="0"/>
      <line num="1214" type="stmt" count="0"/>
      <line num="1215" type="stmt" count="0"/>
      <line num="1216" type="stmt" count="0"/>
      <line num="1220" type="stmt" count="0"/>
      <line num="1221" type="stmt" count="0"/>
      <line num="1222" type="stmt" count="0"/>
      <line num="1226" type="stmt" count="0"/>
      <line num="1227" type="stmt" count="0"/>
      <line num="1231" type="stmt" count="0"/>
      <line num="1232" type="stmt" count="0"/>
      <line num="1233" type="stmt" count="0"/>
      <line num="1234" type="stmt" count="0"/>
      <line num="1240" type="method" name="getTotalMWBELink" visibility="public" complexity="6" crap="42.00" count="0"/>
      <line num="1242" type="stmt" count="0"/>
      <line num="1244" type="stmt" count="0"/>
      <line num="1245" type="stmt" count="0"/>
      <line num="1247" type="stmt" count="0"/>
      <line num="1250" type="stmt" count="0"/>
      <line num="1251" type="stmt" count="0"/>
      <line num="1252" type="stmt" count="0"/>
      <line num="1253" type="stmt" count="0"/>
      <line num="1254" type="stmt" count="0"/>
      <line num="1255" type="stmt" count="0"/>
      <line num="1256" type="stmt" count="0"/>
      <line num="1257" type="stmt" count="0"/>
      <line num="1258" type="stmt" count="0"/>
      <line num="1259" type="stmt" count="0"/>
      <line num="1260" type="stmt" count="0"/>
      <line num="1261" type="stmt" count="0"/>
      <line num="1262" type="stmt" count="0"/>
      <line num="1263" type="stmt" count="0"/>
      <line num="1264" type="stmt" count="0"/>
      <line num="1266" type="stmt" count="0"/>
      <line num="1267" type="stmt" count="0"/>
      <line num="1268" type="stmt" count="0"/>
      <line num="1270" type="stmt" count="0"/>
      <line num="1272" type="stmt" count="0"/>
      <line num="1274" type="stmt" count="0"/>
      <line num="1275" type="stmt" count="0"/>
      <line num="1276" type="stmt" count="0"/>
      <line num="1277" type="stmt" count="0"/>
      <line num="1284" type="method" name="isAdvancedSearchPage" visibility="public" complexity="11" crap="132.00" count="0"/>
      <line num="1286" type="stmt" count="0"/>
      <line num="1287" type="stmt" count="0"/>
      <line num="1288" type="stmt" count="0"/>
      <line num="1289" type="stmt" count="0"/>
      <line num="1291" type="stmt" count="0"/>
      <line num="1292" type="stmt" count="0"/>
      <line num="1293" type="stmt" count="0"/>
      <line num="1294" type="stmt" count="0"/>
      <line num="1295" type="stmt" count="0"/>
      <line num="1296" type="stmt" count="0"/>
      <line num="1297" type="stmt" count="0"/>
      <line num="1298" type="stmt" count="0"/>
      <line num="1299" type="stmt" count="0"/>
      <line num="1300" type="stmt" count="0"/>
      <line num="1301" type="stmt" count="0"/>
      <line num="1302" type="stmt" count="0"/>
      <line num="1303" type="stmt" count="0"/>
      <line num="1304" type="stmt" count="0"/>
      <line num="1305" type="stmt" count="0"/>
      <line num="1306" type="stmt" count="0"/>
      <line num="1307" type="stmt" count="0"/>
      <line num="1308" type="stmt" count="0"/>
      <line num="1309" type="stmt" count="0"/>
      <line num="1310" type="stmt" count="0"/>
      <line num="1314" type="stmt" count="0"/>
      <line num="1320" type="method" name="getDomain" visibility="public" complexity="6" crap="6" count="1"/>
      <line num="1322" type="stmt" count="1"/>
      <line num="1324" type="stmt" count="1"/>
      <line num="1325" type="stmt" count="1"/>
      <line num="1326" type="stmt" count="1"/>
      <line num="1327" type="stmt" count="1"/>
      <line num="1328" type="stmt" count="1"/>
      <line num="1330" type="stmt" count="1"/>
      <line num="1333" type="method" name="getCurrentPageUrl" visibility="public" complexity="3" crap="12.00" count="0"/>
      <line num="1335" type="stmt" count="0"/>
      <line num="1336" type="stmt" count="0"/>
      <line num="1338" type="stmt" count="0"/>
      <line num="1340" type="stmt" count="0"/>
      <metrics loc="1342" ncloc="1098" classes="1" methods="45" coveredmethods="4" conditionals="0" coveredconditionals="0" statements="671" coveredstatements="20" elements="716" coveredelements="24"/>
    </file>
    <metrics files="1" loc="1342" ncloc="1098" classes="1" methods="45" coveredmethods="4" conditionals="0" coveredconditionals="0" statements="671" coveredstatements="20" elements="716" coveredelements="24"/>
  </project>
</coverage>
